nohup: ignoring input
[2025-01-10 19:15:17,901] INFO: Using device: cuda
[2025-01-10 19:15:17,903] INFO: Dataset loaded. Total videos: 234, Total batches: 234
[2025-01-10 19:15:18,916] INFO: Loading pretrained weights from Hugging Face hub (timm/swin_base_patch4_window7_224.ms_in22k_ft_in1k)
[2025-01-10 19:15:19,122] INFO: [timm/swin_base_patch4_window7_224.ms_in22k_ft_in1k] Safe alternative available for 'pytorch_model.bin' (as 'model.safetensors'). Loading weights using safetensors.
diva-vqa

Processing Videos:   0%|          | 0/234 [00:00<?, ?it/s][2025-01-10 19:15:31,350] INFO: Feature shape: torch.Size([9984])
[2025-01-10 19:15:31,350] INFO: Processed Test1/City/Test01_City_D01.avi in 1.62 seconds

Processing Videos:   0%|          | 1/234 [00:12<46:51, 12.07s/it][2025-01-10 19:15:32,872] INFO: Feature shape: torch.Size([9984])
[2025-01-10 19:15:32,873] INFO: Processed Test1/City/Test01_City_D02.avi in 1.51 seconds

Processing Videos:   1%|          | 2/234 [00:13<22:40,  5.86s/it][2025-01-10 19:15:34,387] INFO: Feature shape: torch.Size([9984])
[2025-01-10 19:15:34,387] INFO: Processed Test1/City/Test01_City_D03.avi in 1.50 seconds

Processing Videos:   1%|▏         | 3/234 [00:15<14:57,  3.88s/it][2025-01-10 19:15:35,757] INFO: Feature shape: torch.Size([9984])
[2025-01-10 19:15:35,757] INFO: Processed Test1/City/Test01_City_D04.avi in 1.34 seconds

Processing Videos:   2%|▏         | 4/234 [00:16<11:05,  2.89s/it][2025-01-10 19:15:37,151] INFO: Feature shape: torch.Size([9984])
[2025-01-10 19:15:37,151] INFO: Processed Test1/City/Test01_City_D05.avi in 1.36 seconds

Processing Videos:   2%|▏         | 5/234 [00:17<08:58,  2.35s/it][2025-01-10 19:15:38,582] INFO: Feature shape: torch.Size([9984])
[2025-01-10 19:15:38,582] INFO: Processed Test1/City/Test01_City_D06.avi in 1.40 seconds

Processing Videos:   3%|▎         | 6/234 [00:19<07:44,  2.04s/it][2025-01-10 19:15:39,908] INFO: Feature shape: torch.Size([9984])
[2025-01-10 19:15:39,908] INFO: Processed Test1/City/Test01_City_D07.avi in 1.29 seconds

Processing Videos:   3%|▎         | 7/234 [00:20<06:49,  1.81s/it][2025-01-10 19:15:41,241] INFO: Feature shape: torch.Size([9984])
[2025-01-10 19:15:41,241] INFO: Processed Test1/City/Test01_City_D08.avi in 1.30 seconds

Processing Videos:   3%|▎         | 8/234 [00:21<06:13,  1.65s/it][2025-01-10 19:15:42,654] INFO: Feature shape: torch.Size([9984])
[2025-01-10 19:15:42,654] INFO: Processed Test1/City/Test01_City_D09.avi in 1.38 seconds

Processing Videos:   4%|▍         | 9/234 [00:23<05:55,  1.58s/it][2025-01-10 19:15:44,426] INFO: Feature shape: torch.Size([9984])
[2025-01-10 19:15:44,426] INFO: Processed Test1/Talking_head/Test01_Talking_Head_D01.avi in 1.74 seconds

Processing Videos:   4%|▍         | 10/234 [00:25<06:07,  1.64s/it][2025-01-10 19:15:46,338] INFO: Feature shape: torch.Size([9984])
[2025-01-10 19:15:46,338] INFO: Processed Test1/Talking_head/Test01_Talking_Head_D02.avi in 1.88 seconds

Processing Videos:   5%|▍         | 11/234 [00:27<06:24,  1.72s/it][2025-01-10 19:15:48,172] INFO: Feature shape: torch.Size([9984])
[2025-01-10 19:15:48,172] INFO: Processed Test1/Talking_head/Test01_Talking_Head_D03.avi in 1.80 seconds

Processing Videos:   5%|▌         | 12/234 [00:28<06:30,  1.76s/it][2025-01-10 19:15:52,449] INFO: Feature shape: torch.Size([9984])
[2025-01-10 19:15:52,449] INFO: Processed Test1/Talking_head/Test01_Talking_Head_D04.avi in 1.86 seconds

Processing Videos:   6%|▌         | 13/234 [00:33<09:16,  2.52s/it][2025-01-10 19:15:54,734] INFO: Feature shape: torch.Size([9984])
[2025-01-10 19:15:54,735] INFO: Processed Test1/Talking_head/Test01_Talking_Head_D05.avi in 2.25 seconds

Processing Videos:   6%|▌         | 14/234 [00:35<08:58,  2.45s/it][2025-01-10 19:15:57,169] INFO: Feature shape: torch.Size([9984])
[2025-01-10 19:15:57,170] INFO: Processed Test1/Talking_head/Test01_Talking_Head_D06.avi in 2.40 seconds

Processing Videos:   6%|▋         | 15/234 [00:37<08:55,  2.44s/it][2025-01-10 19:15:59,164] INFO: Feature shape: torch.Size([9984])
[2025-01-10 19:15:59,165] INFO: Processed Test1/Talking_head/Test01_Talking_Head_D07.avi in 1.96 seconds

Processing Videos:   7%|▋         | 16/234 [00:39<08:23,  2.31s/it][2025-01-10 19:16:01,516] INFO: Feature shape: torch.Size([9984])
[2025-01-10 19:16:01,516] INFO: Processed Test1/Talking_head/Test01_Talking_Head_D08.avi in 2.32 seconds

Processing Videos:   7%|▋         | 17/234 [00:42<08:23,  2.32s/it][2025-01-10 19:16:03,293] INFO: Feature shape: torch.Size([9984])
[2025-01-10 19:16:03,293] INFO: Processed Test1/Talking_head/Test01_Talking_Head_D09.avi in 1.75 seconds

Processing Videos:   8%|▊         | 18/234 [00:44<07:46,  2.16s/it][2025-01-10 19:16:11,810] INFO: Feature shape: torch.Size([9984])
[2025-01-10 19:16:11,810] INFO: Processed Test1/Traffic/Test01_Traffic_D01.avi in 4.23 seconds

Processing Videos:   8%|▊         | 19/234 [00:52<14:33,  4.06s/it][2025-01-10 19:16:14,671] INFO: Feature shape: torch.Size([9984])
[2025-01-10 19:16:14,671] INFO: Processed Test1/Traffic/Test01_Traffic_D02.avi in 2.85 seconds

Processing Videos:   9%|▊         | 20/234 [00:55<13:13,  3.71s/it][2025-01-10 19:16:17,789] INFO: Feature shape: torch.Size([9984])
[2025-01-10 19:16:17,789] INFO: Processed Test1/Traffic/Test01_Traffic_D03.avi in 3.09 seconds

Processing Videos:   9%|▉         | 21/234 [00:58<12:31,  3.53s/it][2025-01-10 19:16:20,470] INFO: Feature shape: torch.Size([9984])
[2025-01-10 19:16:20,470] INFO: Processed Test1/Traffic/Test01_Traffic_D04.avi in 2.65 seconds

Processing Videos:   9%|▉         | 22/234 [01:01<11:34,  3.27s/it][2025-01-10 19:16:23,777] INFO: Feature shape: torch.Size([9984])
[2025-01-10 19:16:23,777] INFO: Processed Test1/Traffic/Test01_Traffic_D05.avi in 3.28 seconds

Processing Videos:  10%|▉         | 23/234 [01:04<11:33,  3.28s/it][2025-01-10 19:16:26,585] INFO: Feature shape: torch.Size([9984])
[2025-01-10 19:16:26,585] INFO: Processed Test1/Traffic/Test01_Traffic_D06.avi in 2.78 seconds

Processing Videos:  10%|█         | 24/234 [01:07<10:59,  3.14s/it][2025-01-10 19:16:28,782] INFO: Feature shape: torch.Size([9984])
[2025-01-10 19:16:28,782] INFO: Processed Test1/Traffic/Test01_Traffic_D07.avi in 2.16 seconds

Processing Videos:  11%|█         | 25/234 [01:09<09:57,  2.86s/it][2025-01-10 19:16:31,378] INFO: Feature shape: torch.Size([9984])
[2025-01-10 19:16:31,378] INFO: Processed Test1/Traffic/Test01_Traffic_D08.avi in 2.57 seconds

Processing Videos:  11%|█         | 26/234 [01:12<09:38,  2.78s/it][2025-01-10 19:16:33,796] INFO: Feature shape: torch.Size([9984])
[2025-01-10 19:16:33,796] INFO: Processed Test1/Traffic/Test01_Traffic_D09.avi in 2.38 seconds

Processing Videos:  12%|█▏        | 27/234 [01:14<09:12,  2.67s/it][2025-01-10 19:16:35,657] INFO: Feature shape: torch.Size([9984])
[2025-01-10 19:16:35,658] INFO: Processed Test2/City/Test02_City_D01.avi in 1.83 seconds

Processing Videos:  12%|█▏        | 28/234 [01:16<08:20,  2.43s/it][2025-01-10 19:16:37,085] INFO: Feature shape: torch.Size([9984])
[2025-01-10 19:16:37,086] INFO: Processed Test2/City/Test02_City_D02.avi in 1.40 seconds

Processing Videos:  12%|█▏        | 29/234 [01:17<07:15,  2.13s/it][2025-01-10 19:16:38,987] INFO: Feature shape: torch.Size([9984])
[2025-01-10 19:16:38,988] INFO: Processed Test2/City/Test02_City_D03.avi in 1.88 seconds

Processing Videos:  13%|█▎        | 30/234 [01:19<07:00,  2.06s/it][2025-01-10 19:16:41,088] INFO: Feature shape: torch.Size([9984])
[2025-01-10 19:16:41,088] INFO: Processed Test2/City/Test02_City_D04.avi in 2.07 seconds

Processing Videos:  13%|█▎        | 31/234 [01:21<07:00,  2.07s/it][2025-01-10 19:16:42,920] INFO: Feature shape: torch.Size([9984])
[2025-01-10 19:16:42,920] INFO: Processed Test2/City/Test02_City_D05.avi in 1.81 seconds

Processing Videos:  14%|█▎        | 32/234 [01:23<06:44,  2.00s/it][2025-01-10 19:16:44,656] INFO: Feature shape: torch.Size([9984])
[2025-01-10 19:16:44,657] INFO: Processed Test2/City/Test02_City_D06.avi in 1.71 seconds

Processing Videos:  14%|█▍        | 33/234 [01:25<06:26,  1.92s/it][2025-01-10 19:16:46,465] INFO: Feature shape: torch.Size([9984])
[2025-01-10 19:16:46,466] INFO: Processed Test2/City/Test02_City_D07.avi in 1.78 seconds

Processing Videos:  15%|█▍        | 34/234 [01:27<06:17,  1.89s/it][2025-01-10 19:16:48,091] INFO: Feature shape: torch.Size([9984])
[2025-01-10 19:16:48,091] INFO: Processed Test2/City/Test02_City_D08.avi in 1.60 seconds

Processing Videos:  15%|█▍        | 35/234 [01:28<06:00,  1.81s/it][2025-01-10 19:16:49,820] INFO: Feature shape: torch.Size([9984])
[2025-01-10 19:16:49,820] INFO: Processed Test2/City/Test02_City_D09.avi in 1.69 seconds

Processing Videos:  15%|█▌        | 36/234 [01:30<05:53,  1.79s/it][2025-01-10 19:16:51,642] INFO: Feature shape: torch.Size([9984])
[2025-01-10 19:16:51,642] INFO: Processed Test2/City/Test02_City_D10.avi in 1.79 seconds

Processing Videos:  16%|█▌        | 37/234 [01:32<05:53,  1.80s/it][2025-01-10 19:16:53,454] INFO: Feature shape: torch.Size([9984])
[2025-01-10 19:16:53,455] INFO: Processed Test2/Talking_head/Test02_Talking_Head_D01.avi in 1.78 seconds

Processing Videos:  16%|█▌        | 38/234 [01:34<05:53,  1.80s/it][2025-01-10 19:16:55,344] INFO: Feature shape: torch.Size([9984])
[2025-01-10 19:16:55,344] INFO: Processed Test2/Talking_head/Test02_Talking_Head_D02.avi in 1.86 seconds

Processing Videos:  17%|█▋        | 39/234 [01:36<05:56,  1.83s/it][2025-01-10 19:16:57,169] INFO: Feature shape: torch.Size([9984])
[2025-01-10 19:16:57,169] INFO: Processed Test2/Talking_head/Test02_Talking_Head_D03.avi in 1.79 seconds

Processing Videos:  17%|█▋        | 40/234 [01:37<05:54,  1.83s/it][2025-01-10 19:16:58,913] INFO: Feature shape: torch.Size([9984])
[2025-01-10 19:16:58,916] INFO: Processed Test2/Talking_head/Test02_Talking_Head_D04.avi in 1.71 seconds

Processing Videos:  18%|█▊        | 41/234 [01:39<05:47,  1.80s/it][2025-01-10 19:17:00,906] INFO: Feature shape: torch.Size([9984])
[2025-01-10 19:17:00,906] INFO: Processed Test2/Talking_head/Test02_Talking_Head_D05.avi in 1.96 seconds

Processing Videos:  18%|█▊        | 42/234 [01:41<05:56,  1.86s/it][2025-01-10 19:17:02,881] INFO: Feature shape: torch.Size([9984])
[2025-01-10 19:17:02,881] INFO: Processed Test2/Talking_head/Test02_Talking_Head_D06.avi in 1.95 seconds

Processing Videos:  18%|█▊        | 43/234 [01:43<06:01,  1.89s/it][2025-01-10 19:17:05,186] INFO: Feature shape: torch.Size([9984])
[2025-01-10 19:17:05,187] INFO: Processed Test2/Talking_head/Test02_Talking_Head_D07.avi in 2.28 seconds

Processing Videos:  19%|█▉        | 44/234 [01:45<06:23,  2.02s/it][2025-01-10 19:17:07,298] INFO: Feature shape: torch.Size([9984])
[2025-01-10 19:17:07,300] INFO: Processed Test2/Talking_head/Test02_Talking_Head_D08.avi in 2.08 seconds

Processing Videos:  19%|█▉        | 45/234 [01:48<06:26,  2.04s/it][2025-01-10 19:17:09,195] INFO: Feature shape: torch.Size([9984])
[2025-01-10 19:17:09,195] INFO: Processed Test2/Talking_head/Test02_Talking_Head_D09.avi in 1.87 seconds

Processing Videos:  20%|█▉        | 46/234 [01:49<06:16,  2.00s/it][2025-01-10 19:17:11,094] INFO: Feature shape: torch.Size([9984])
[2025-01-10 19:17:11,094] INFO: Processed Test2/Talking_head/Test02_Talking_Head_D10.avi in 1.87 seconds

Processing Videos:  20%|██        | 47/234 [01:51<06:08,  1.97s/it][2025-01-10 19:17:14,964] INFO: Feature shape: torch.Size([9984])
[2025-01-10 19:17:14,964] INFO: Processed Test2/Traffic/Test02_Traffic_D01.avi in 2.91 seconds

Processing Videos:  21%|██        | 48/234 [01:55<07:52,  2.54s/it][2025-01-10 19:17:17,507] INFO: Feature shape: torch.Size([9984])
[2025-01-10 19:17:17,507] INFO: Processed Test2/Traffic/Test02_Traffic_D02.avi in 2.51 seconds

Processing Videos:  21%|██        | 49/234 [01:58<07:50,  2.54s/it][2025-01-10 19:17:20,605] INFO: Feature shape: torch.Size([9984])
[2025-01-10 19:17:20,605] INFO: Processed Test2/Traffic/Test02_Traffic_D03.avi in 3.06 seconds

Processing Videos:  21%|██▏       | 50/234 [02:01<08:18,  2.71s/it][2025-01-10 19:17:23,714] INFO: Feature shape: torch.Size([9984])
[2025-01-10 19:17:23,714] INFO: Processed Test2/Traffic/Test02_Traffic_D04.avi in 3.08 seconds

Processing Videos:  22%|██▏       | 51/234 [02:04<08:37,  2.83s/it][2025-01-10 19:17:27,341] INFO: Feature shape: torch.Size([9984])
[2025-01-10 19:17:27,341] INFO: Processed Test2/Traffic/Test02_Traffic_D05.avi in 3.59 seconds

Processing Videos:  22%|██▏       | 52/234 [02:08<09:18,  3.07s/it][2025-01-10 19:17:30,692] INFO: Feature shape: torch.Size([9984])
[2025-01-10 19:17:30,695] INFO: Processed Test2/Traffic/Test02_Traffic_D06.avi in 3.32 seconds

Processing Videos:  23%|██▎       | 53/234 [02:11<09:30,  3.15s/it][2025-01-10 19:17:36,738] INFO: Feature shape: torch.Size([9984])
[2025-01-10 19:17:36,738] INFO: Processed Test2/Traffic/Test02_Traffic_D07.avi in 3.18 seconds

Processing Videos:  23%|██▎       | 54/234 [02:17<12:03,  4.02s/it][2025-01-10 19:17:39,990] INFO: Feature shape: torch.Size([9984])
[2025-01-10 19:17:39,990] INFO: Processed Test2/Traffic/Test02_Traffic_D08.avi in 3.21 seconds

Processing Videos:  24%|██▎       | 55/234 [02:20<11:18,  3.79s/it][2025-01-10 19:17:43,452] INFO: Feature shape: torch.Size([9984])
[2025-01-10 19:17:43,452] INFO: Processed Test2/Traffic/Test02_Traffic_D09.avi in 3.43 seconds

Processing Videos:  24%|██▍       | 56/234 [02:24<10:57,  3.69s/it][2025-01-10 19:17:46,657] INFO: Feature shape: torch.Size([9984])
[2025-01-10 19:17:46,657] INFO: Processed Test2/Traffic/Test02_Traffic_D10.avi in 3.17 seconds

Processing Videos:  24%|██▍       | 57/234 [02:27<10:27,  3.55s/it][2025-01-10 19:17:48,522] INFO: Feature shape: torch.Size([9984])
[2025-01-10 19:17:48,522] INFO: Processed Test3/City/Test03_City_D01.avi in 1.83 seconds

Processing Videos:  25%|██▍       | 58/234 [02:29<08:55,  3.04s/it][2025-01-10 19:17:50,541] INFO: Feature shape: torch.Size([9984])
[2025-01-10 19:17:50,541] INFO: Processed Test3/City/Test03_City_D02.avi in 1.98 seconds

Processing Videos:  25%|██▌       | 59/234 [02:31<07:58,  2.73s/it][2025-01-10 19:17:52,292] INFO: Feature shape: torch.Size([9984])
[2025-01-10 19:17:52,293] INFO: Processed Test3/City/Test03_City_D03.avi in 1.72 seconds

Processing Videos:  26%|██▌       | 60/234 [02:33<07:04,  2.44s/it][2025-01-10 19:17:54,174] INFO: Feature shape: torch.Size([9984])
[2025-01-10 19:17:54,175] INFO: Processed Test3/City/Test03_City_D04.avi in 1.85 seconds

Processing Videos:  26%|██▌       | 61/234 [02:34<06:33,  2.27s/it][2025-01-10 19:17:56,459] INFO: Feature shape: torch.Size([9984])
[2025-01-10 19:17:56,459] INFO: Processed Test3/City/Test03_City_D05.avi in 2.25 seconds

Processing Videos:  26%|██▋       | 62/234 [02:37<06:31,  2.28s/it][2025-01-10 19:17:58,420] INFO: Feature shape: torch.Size([9984])
[2025-01-10 19:17:58,421] INFO: Processed Test3/City/Test03_City_D06.avi in 1.93 seconds

Processing Videos:  27%|██▋       | 63/234 [02:39<06:13,  2.18s/it][2025-01-10 19:18:00,242] INFO: Feature shape: torch.Size([9984])
[2025-01-10 19:18:00,242] INFO: Processed Test3/City/Test03_City_D07.avi in 1.79 seconds

Processing Videos:  27%|██▋       | 64/234 [02:40<05:52,  2.07s/it][2025-01-10 19:18:02,223] INFO: Feature shape: torch.Size([9984])
[2025-01-10 19:18:02,223] INFO: Processed Test3/City/Test03_City_D08.avi in 1.95 seconds

Processing Videos:  28%|██▊       | 65/234 [02:42<05:45,  2.05s/it][2025-01-10 19:18:07,297] INFO: Feature shape: torch.Size([9984])
[2025-01-10 19:18:07,297] INFO: Processed Test3/City/Test03_City_D09.avi in 1.70 seconds

Processing Videos:  28%|██▊       | 66/234 [02:48<08:16,  2.95s/it][2025-01-10 19:18:09,435] INFO: Feature shape: torch.Size([9984])
[2025-01-10 19:18:09,435] INFO: Processed Test3/City/Test03_City_D10.avi in 2.11 seconds

Processing Videos:  29%|██▊       | 67/234 [02:50<07:32,  2.71s/it][2025-01-10 19:18:11,277] INFO: Feature shape: torch.Size([9984])
[2025-01-10 19:18:11,277] INFO: Processed Test3/City/Test03_City_D11.avi in 1.81 seconds

Processing Videos:  29%|██▉       | 68/234 [02:52<06:46,  2.45s/it][2025-01-10 19:18:13,271] INFO: Feature shape: torch.Size([9984])
[2025-01-10 19:18:13,271] INFO: Processed Test3/City/Test03_City_D12.avi in 1.96 seconds

Processing Videos:  29%|██▉       | 69/234 [02:54<06:21,  2.31s/it][2025-01-10 19:18:15,316] INFO: Feature shape: torch.Size([9984])
[2025-01-10 19:18:15,316] INFO: Processed Test3/City/Test03_City_D13.avi in 2.01 seconds

Processing Videos:  30%|██▉       | 70/234 [02:56<06:06,  2.23s/it][2025-01-10 19:18:17,354] INFO: Feature shape: torch.Size([9984])
[2025-01-10 19:18:17,354] INFO: Processed Test3/Newspaper/Test03_Newspaper_D01.avi in 2.01 seconds

Processing Videos:  30%|███       | 71/234 [02:58<05:54,  2.17s/it][2025-01-10 19:18:24,652] INFO: Feature shape: torch.Size([9984])
[2025-01-10 19:18:24,652] INFO: Processed Test3/Newspaper/Test03_Newspaper_D02.avi in 1.77 seconds

Processing Videos:  31%|███       | 72/234 [03:05<10:01,  3.71s/it][2025-01-10 19:18:26,612] INFO: Feature shape: torch.Size([9984])
[2025-01-10 19:18:26,613] INFO: Processed Test3/Newspaper/Test03_Newspaper_D03.avi in 1.93 seconds

Processing Videos:  31%|███       | 73/234 [03:07<08:32,  3.19s/it][2025-01-10 19:18:28,208] INFO: Feature shape: torch.Size([9984])
[2025-01-10 19:18:28,208] INFO: Processed Test3/Newspaper/Test03_Newspaper_D04.avi in 1.56 seconds

Processing Videos:  32%|███▏      | 74/234 [03:08<07:13,  2.71s/it][2025-01-10 19:18:30,197] INFO: Feature shape: torch.Size([9984])
[2025-01-10 19:18:30,197] INFO: Processed Test3/Newspaper/Test03_Newspaper_D05.avi in 1.96 seconds

Processing Videos:  32%|███▏      | 75/234 [03:10<06:36,  2.49s/it][2025-01-10 19:18:31,989] INFO: Feature shape: torch.Size([9984])
[2025-01-10 19:18:31,989] INFO: Processed Test3/Newspaper/Test03_Newspaper_D06.avi in 1.76 seconds

Processing Videos:  32%|███▏      | 76/234 [03:12<06:00,  2.28s/it][2025-01-10 19:18:34,196] INFO: Feature shape: torch.Size([9984])
[2025-01-10 19:18:34,196] INFO: Processed Test3/Newspaper/Test03_Newspaper_D07.avi in 2.18 seconds

Processing Videos:  33%|███▎      | 77/234 [03:14<05:54,  2.26s/it][2025-01-10 19:18:38,326] INFO: Feature shape: torch.Size([9984])
[2025-01-10 19:18:38,326] INFO: Processed Test3/Newspaper/Test03_Newspaper_D08.avi in 1.63 seconds

Processing Videos:  33%|███▎      | 78/234 [03:19<07:20,  2.82s/it][2025-01-10 19:18:40,184] INFO: Feature shape: torch.Size([9984])
[2025-01-10 19:18:40,184] INFO: Processed Test3/Newspaper/Test03_Newspaper_D09.avi in 1.82 seconds

Processing Videos:  34%|███▍      | 79/234 [03:20<06:32,  2.53s/it][2025-01-10 19:18:42,258] INFO: Feature shape: torch.Size([9984])
[2025-01-10 19:18:42,258] INFO: Processed Test3/Newspaper/Test03_Newspaper_D10.avi in 2.04 seconds

Processing Videos:  34%|███▍      | 80/234 [03:22<06:08,  2.39s/it][2025-01-10 19:18:43,814] INFO: Feature shape: torch.Size([9984])
[2025-01-10 19:18:43,814] INFO: Processed Test3/Newspaper/Test03_Newspaper_D11.avi in 1.53 seconds

Processing Videos:  35%|███▍      | 81/234 [03:24<05:27,  2.14s/it][2025-01-10 19:18:45,487] INFO: Feature shape: torch.Size([9984])
[2025-01-10 19:18:45,487] INFO: Processed Test3/Newspaper/Test03_Newspaper_D12.avi in 1.64 seconds

Processing Videos:  35%|███▌      | 82/234 [03:26<05:04,  2.00s/it][2025-01-10 19:18:46,944] INFO: Feature shape: torch.Size([9984])
[2025-01-10 19:18:46,945] INFO: Processed Test3/Newspaper/Test03_Newspaper_D13.avi in 1.42 seconds

Processing Videos:  35%|███▌      | 83/234 [03:27<04:37,  1.84s/it][2025-01-10 19:18:54,829] INFO: Feature shape: torch.Size([9984])
[2025-01-10 19:18:54,829] INFO: Processed Test3/Talking_head/Test03_Talking_Head_D01.avi in 1.70 seconds

Processing Videos:  36%|███▌      | 84/234 [03:35<09:07,  3.65s/it][2025-01-10 19:18:56,551] INFO: Feature shape: torch.Size([9984])
[2025-01-10 19:18:56,552] INFO: Processed Test3/Talking_head/Test03_Talking_Head_D02.avi in 1.69 seconds

Processing Videos:  36%|███▋      | 85/234 [03:37<07:37,  3.07s/it][2025-01-10 19:18:58,542] INFO: Feature shape: torch.Size([9984])
[2025-01-10 19:18:58,542] INFO: Processed Test3/Talking_head/Test03_Talking_Head_D03.avi in 1.96 seconds

Processing Videos:  37%|███▋      | 86/234 [03:39<06:46,  2.75s/it][2025-01-10 19:19:00,449] INFO: Feature shape: torch.Size([9984])
[2025-01-10 19:19:00,449] INFO: Processed Test3/Talking_head/Test03_Talking_Head_D04.avi in 1.88 seconds

Processing Videos:  37%|███▋      | 87/234 [03:41<06:06,  2.50s/it][2025-01-10 19:19:02,499] INFO: Feature shape: torch.Size([9984])
[2025-01-10 19:19:02,499] INFO: Processed Test3/Talking_head/Test03_Talking_Head_D05.avi in 2.02 seconds

Processing Videos:  38%|███▊      | 88/234 [03:43<05:45,  2.36s/it][2025-01-10 19:19:04,380] INFO: Feature shape: torch.Size([9984])
[2025-01-10 19:19:04,380] INFO: Processed Test3/Talking_head/Test03_Talking_Head_D06.avi in 1.85 seconds

Processing Videos:  38%|███▊      | 89/234 [03:45<05:21,  2.22s/it][2025-01-10 19:19:19,540] INFO: Feature shape: torch.Size([9984])
[2025-01-10 19:19:19,542] INFO: Processed Test3/Talking_head/Test03_Talking_Head_D07.avi in 1.84 seconds

Processing Videos:  38%|███▊      | 90/234 [04:00<14:38,  6.10s/it][2025-01-10 19:19:21,272] INFO: Feature shape: torch.Size([9984])
[2025-01-10 19:19:21,272] INFO: Processed Test3/Talking_head/Test03_Talking_Head_D08.avi in 1.70 seconds

Processing Videos:  39%|███▉      | 91/234 [04:02<11:24,  4.79s/it][2025-01-10 19:19:23,171] INFO: Feature shape: torch.Size([9984])
[2025-01-10 19:19:23,172] INFO: Processed Test3/Talking_head/Test03_Talking_Head_D09.avi in 1.87 seconds

Processing Videos:  39%|███▉      | 92/234 [04:03<09:17,  3.92s/it][2025-01-10 19:19:24,898] INFO: Feature shape: torch.Size([9984])
[2025-01-10 19:19:24,898] INFO: Processed Test3/Talking_head/Test03_Talking_Head_D10.avi in 1.69 seconds

Processing Videos:  40%|███▉      | 93/234 [04:05<07:39,  3.26s/it][2025-01-10 19:19:26,578] INFO: Feature shape: torch.Size([9984])
[2025-01-10 19:19:26,578] INFO: Processed Test3/Talking_head/Test03_Talking_Head_D11.avi in 1.65 seconds

Processing Videos:  40%|████      | 94/234 [04:07<06:30,  2.79s/it][2025-01-10 19:19:28,630] INFO: Feature shape: torch.Size([9984])
[2025-01-10 19:19:28,630] INFO: Processed Test3/Talking_head/Test03_Talking_Head_D12.avi in 2.02 seconds

Processing Videos:  41%|████      | 95/234 [04:09<05:56,  2.57s/it][2025-01-10 19:19:44,794] INFO: Feature shape: torch.Size([9984])
[2025-01-10 19:19:44,797] INFO: Processed Test3/Talking_head/Test03_Talking_Head_D13.avi in 1.89 seconds

Processing Videos:  41%|████      | 96/234 [04:25<15:17,  6.65s/it][2025-01-10 19:19:46,804] INFO: Feature shape: torch.Size([9984])
[2025-01-10 19:19:46,804] INFO: Processed Test4/City/Test04_City_D01.avi in 1.98 seconds

Processing Videos:  41%|████▏     | 97/234 [04:27<12:00,  5.26s/it][2025-01-10 19:19:48,449] INFO: Feature shape: torch.Size([9984])
[2025-01-10 19:19:48,449] INFO: Processed Test4/City/Test04_City_D02.avi in 1.61 seconds

Processing Videos:  42%|████▏     | 98/234 [04:29<09:27,  4.17s/it][2025-01-10 19:19:50,247] INFO: Feature shape: torch.Size([9984])
[2025-01-10 19:19:50,247] INFO: Processed Test4/City/Test04_City_D03.avi in 1.77 seconds

Processing Videos:  42%|████▏     | 99/234 [04:30<07:47,  3.46s/it][2025-01-10 19:19:51,828] INFO: Feature shape: torch.Size([9984])
[2025-01-10 19:19:51,828] INFO: Processed Test4/City/Test04_City_D04.avi in 1.55 seconds

Processing Videos:  43%|████▎     | 100/234 [04:32<06:28,  2.90s/it][2025-01-10 19:19:53,231] INFO: Feature shape: torch.Size([9984])
[2025-01-10 19:19:53,231] INFO: Processed Test4/City/Test04_City_D05.avi in 1.37 seconds

Processing Videos:  43%|████▎     | 101/234 [04:33<05:25,  2.45s/it][2025-01-10 19:19:54,903] INFO: Feature shape: torch.Size([9984])
[2025-01-10 19:19:54,903] INFO: Processed Test4/City/Test04_City_D06.avi in 1.64 seconds

Processing Videos:  44%|████▎     | 102/234 [04:35<04:52,  2.22s/it][2025-01-10 19:19:56,754] INFO: Feature shape: torch.Size([9984])
[2025-01-10 19:19:56,754] INFO: Processed Test4/City/Test04_City_D07.avi in 1.82 seconds

Processing Videos:  44%|████▍     | 103/234 [04:37<04:35,  2.11s/it][2025-01-10 19:19:58,384] INFO: Feature shape: torch.Size([9984])
[2025-01-10 19:19:58,384] INFO: Processed Test4/City/Test04_City_D08.avi in 1.60 seconds

Processing Videos:  44%|████▍     | 104/234 [04:39<04:15,  1.96s/it][2025-01-10 19:20:00,119] INFO: Feature shape: torch.Size([9984])
[2025-01-10 19:20:00,119] INFO: Processed Test4/City/Test04_City_D09.avi in 1.70 seconds

Processing Videos:  45%|████▍     | 105/234 [04:40<04:04,  1.90s/it][2025-01-10 19:20:03,086] INFO: Feature shape: torch.Size([9984])
[2025-01-10 19:20:03,086] INFO: Processed Test4/City/Test04_City_D10.avi in 1.73 seconds

Processing Videos:  45%|████▌     | 106/234 [04:43<04:43,  2.22s/it][2025-01-10 19:20:04,695] INFO: Feature shape: torch.Size([9984])
[2025-01-10 19:20:04,695] INFO: Processed Test4/City/Test04_City_D11.avi in 1.58 seconds

Processing Videos:  46%|████▌     | 107/234 [04:45<04:18,  2.04s/it][2025-01-10 19:20:15,067] INFO: Feature shape: torch.Size([9984])
[2025-01-10 19:20:15,070] INFO: Processed Test4/City/Test04_City_D12.avi in 1.79 seconds

Processing Videos:  46%|████▌     | 108/234 [04:55<09:31,  4.54s/it][2025-01-10 19:20:16,646] INFO: Feature shape: torch.Size([9984])
[2025-01-10 19:20:16,646] INFO: Processed Test4/City/Test04_City_D13.avi in 1.55 seconds

Processing Videos:  47%|████▋     | 109/234 [04:57<07:36,  3.65s/it][2025-01-10 19:20:18,176] INFO: Feature shape: torch.Size([9984])
[2025-01-10 19:20:18,177] INFO: Processed Test4/City/Test04_City_D14.avi in 1.50 seconds

Processing Videos:  47%|████▋     | 110/234 [04:58<06:13,  3.01s/it][2025-01-10 19:20:19,976] INFO: Feature shape: torch.Size([9984])
[2025-01-10 19:20:19,977] INFO: Processed Test4/Newspaper/Test04_Newspaper_D01.avi in 1.77 seconds

Processing Videos:  47%|████▋     | 111/234 [05:00<05:25,  2.65s/it][2025-01-10 19:20:22,031] INFO: Feature shape: torch.Size([9984])
[2025-01-10 19:20:22,031] INFO: Processed Test4/Newspaper/Test04_Newspaper_D02.avi in 2.02 seconds

Processing Videos:  48%|████▊     | 112/234 [05:02<05:01,  2.47s/it][2025-01-10 19:20:23,717] INFO: Feature shape: torch.Size([9984])
[2025-01-10 19:20:23,717] INFO: Processed Test4/Newspaper/Test04_Newspaper_D03.avi in 1.66 seconds

Processing Videos:  48%|████▊     | 113/234 [05:04<04:30,  2.24s/it][2025-01-10 19:20:38,253] INFO: Feature shape: torch.Size([9984])
[2025-01-10 19:20:38,254] INFO: Processed Test4/Newspaper/Test04_Newspaper_D04.avi in 1.78 seconds

Processing Videos:  49%|████▊     | 114/234 [05:18<11:51,  5.93s/it][2025-01-10 19:20:39,985] INFO: Feature shape: torch.Size([9984])
[2025-01-10 19:20:39,986] INFO: Processed Test4/Newspaper/Test04_Newspaper_D05.avi in 1.70 seconds

Processing Videos:  49%|████▉     | 115/234 [05:20<09:15,  4.67s/it][2025-01-10 19:20:41,676] INFO: Feature shape: torch.Size([9984])
[2025-01-10 19:20:41,676] INFO: Processed Test4/Newspaper/Test04_Newspaper_D06.avi in 1.66 seconds

Processing Videos:  50%|████▉     | 116/234 [05:22<07:25,  3.78s/it][2025-01-10 19:20:43,269] INFO: Feature shape: torch.Size([9984])
[2025-01-10 19:20:43,269] INFO: Processed Test4/Newspaper/Test04_Newspaper_D07.avi in 1.56 seconds

Processing Videos:  50%|█████     | 117/234 [05:24<06:05,  3.12s/it][2025-01-10 19:20:44,789] INFO: Feature shape: torch.Size([9984])
[2025-01-10 19:20:44,789] INFO: Processed Test4/Newspaper/Test04_Newspaper_D08.avi in 1.49 seconds

Processing Videos:  50%|█████     | 118/234 [05:25<05:06,  2.64s/it][2025-01-10 19:20:46,286] INFO: Feature shape: torch.Size([9984])
[2025-01-10 19:20:46,287] INFO: Processed Test4/Newspaper/Test04_Newspaper_D09.avi in 1.46 seconds

Processing Videos:  51%|█████     | 119/234 [05:27<04:24,  2.30s/it][2025-01-10 19:21:00,318] INFO: Feature shape: torch.Size([9984])
[2025-01-10 19:21:00,321] INFO: Processed Test4/Newspaper/Test04_Newspaper_D10.avi in 1.60 seconds

Processing Videos:  51%|█████▏    | 120/234 [05:41<11:03,  5.82s/it][2025-01-10 19:21:01,899] INFO: Feature shape: torch.Size([9984])
[2025-01-10 19:21:01,899] INFO: Processed Test4/Newspaper/Test04_Newspaper_D11.avi in 1.55 seconds

Processing Videos:  52%|█████▏    | 121/234 [05:42<08:33,  4.55s/it][2025-01-10 19:21:03,329] INFO: Feature shape: torch.Size([9984])
[2025-01-10 19:21:03,329] INFO: Processed Test4/Newspaper/Test04_Newspaper_D12.avi in 1.40 seconds

Processing Videos:  52%|█████▏    | 122/234 [05:44<06:44,  3.61s/it][2025-01-10 19:21:05,052] INFO: Feature shape: torch.Size([9984])
[2025-01-10 19:21:05,052] INFO: Processed Test4/Newspaper/Test04_Newspaper_D13.avi in 1.69 seconds

Processing Videos:  53%|█████▎    | 123/234 [05:45<05:38,  3.05s/it][2025-01-10 19:21:06,795] INFO: Feature shape: torch.Size([9984])
[2025-01-10 19:21:06,795] INFO: Processed Test4/Newspaper/Test04_Newspaper_D14.avi in 1.71 seconds

Processing Videos:  53%|█████▎    | 124/234 [05:47<04:52,  2.65s/it][2025-01-10 19:21:08,384] INFO: Feature shape: torch.Size([9984])
[2025-01-10 19:21:08,386] INFO: Processed Test4/Talking_head/Test04_Talking_Head_D01.avi in 1.56 seconds

Processing Videos:  53%|█████▎    | 125/234 [05:49<04:14,  2.33s/it][2025-01-10 19:21:23,137] INFO: Feature shape: torch.Size([9984])
[2025-01-10 19:21:23,138] INFO: Processed Test4/Talking_head/Test04_Talking_Head_D02.avi in 1.67 seconds

Processing Videos:  54%|█████▍    | 126/234 [06:03<10:54,  6.06s/it][2025-01-10 19:21:24,733] INFO: Feature shape: torch.Size([9984])
[2025-01-10 19:21:24,733] INFO: Processed Test4/Talking_head/Test04_Talking_Head_D03.avi in 1.56 seconds

Processing Videos:  54%|█████▍    | 127/234 [06:05<08:25,  4.72s/it][2025-01-10 19:21:26,231] INFO: Feature shape: torch.Size([9984])
[2025-01-10 19:21:26,231] INFO: Processed Test4/Talking_head/Test04_Talking_Head_D04.avi in 1.47 seconds

Processing Videos:  55%|█████▍    | 128/234 [06:06<06:37,  3.75s/it][2025-01-10 19:21:27,928] INFO: Feature shape: torch.Size([9984])
[2025-01-10 19:21:27,928] INFO: Processed Test4/Talking_head/Test04_Talking_Head_D05.avi in 1.67 seconds

Processing Videos:  55%|█████▌    | 129/234 [06:08<05:29,  3.14s/it][2025-01-10 19:21:29,633] INFO: Feature shape: torch.Size([9984])
[2025-01-10 19:21:29,633] INFO: Processed Test4/Talking_head/Test04_Talking_Head_D06.avi in 1.68 seconds

Processing Videos:  56%|█████▌    | 130/234 [06:10<04:41,  2.71s/it][2025-01-10 19:21:31,130] INFO: Feature shape: torch.Size([9984])
[2025-01-10 19:21:31,130] INFO: Processed Test4/Talking_head/Test04_Talking_Head_D07.avi in 1.47 seconds

Processing Videos:  56%|█████▌    | 131/234 [06:11<04:01,  2.34s/it][2025-01-10 19:21:35,380] INFO: Feature shape: torch.Size([9984])
[2025-01-10 19:21:35,380] INFO: Processed Test4/Talking_head/Test04_Talking_Head_D08.avi in 1.52 seconds

Processing Videos:  56%|█████▋    | 132/234 [06:16<04:57,  2.92s/it][2025-01-10 19:21:36,823] INFO: Feature shape: torch.Size([9984])
[2025-01-10 19:21:36,823] INFO: Processed Test4/Talking_head/Test04_Talking_Head_D09.avi in 1.41 seconds

Processing Videos:  57%|█████▋    | 133/234 [06:17<04:09,  2.47s/it][2025-01-10 19:21:38,372] INFO: Feature shape: torch.Size([9984])
[2025-01-10 19:21:38,372] INFO: Processed Test4/Talking_head/Test04_Talking_Head_D10.avi in 1.52 seconds

Processing Videos:  57%|█████▋    | 134/234 [06:19<03:39,  2.20s/it][2025-01-10 19:21:40,081] INFO: Feature shape: torch.Size([9984])
[2025-01-10 19:21:40,081] INFO: Processed Test4/Talking_head/Test04_Talking_Head_D11.avi in 1.67 seconds

Processing Videos:  58%|█████▊    | 135/234 [06:20<03:22,  2.05s/it][2025-01-10 19:21:41,881] INFO: Feature shape: torch.Size([9984])
[2025-01-10 19:21:41,881] INFO: Processed Test4/Talking_head/Test04_Talking_Head_D12.avi in 1.77 seconds

Processing Videos:  58%|█████▊    | 136/234 [06:22<03:13,  1.98s/it][2025-01-10 19:21:43,178] INFO: Feature shape: torch.Size([9984])
[2025-01-10 19:21:43,178] INFO: Processed Test4/Talking_head/Test04_Talking_Head_D13.avi in 1.26 seconds

Processing Videos:  59%|█████▊    | 137/234 [06:23<02:51,  1.77s/it][2025-01-10 19:21:59,328] INFO: Feature shape: torch.Size([9984])
[2025-01-10 19:21:59,329] INFO: Processed Test4/Talking_head/Test04_Talking_Head_D14.avi in 1.69 seconds

Processing Videos:  59%|█████▉    | 138/234 [06:40<09:44,  6.08s/it][2025-01-10 19:22:02,162] INFO: Feature shape: torch.Size([9984])
[2025-01-10 19:22:02,163] INFO: Processed Test5/City/Test05_City_D01.avi in 1.79 seconds

Processing Videos:  59%|█████▉    | 139/234 [06:42<08:05,  5.11s/it][2025-01-10 19:22:03,682] INFO: Feature shape: torch.Size([9984])
[2025-01-10 19:22:03,682] INFO: Processed Test5/City/Test05_City_D02.avi in 1.49 seconds

Processing Videos:  60%|█████▉    | 140/234 [06:44<06:19,  4.03s/it][2025-01-10 19:22:05,115] INFO: Feature shape: torch.Size([9984])
[2025-01-10 19:22:05,115] INFO: Processed Test5/City/Test05_City_D03.avi in 1.40 seconds

Processing Videos:  60%|██████    | 141/234 [06:45<05:02,  3.25s/it][2025-01-10 19:22:06,843] INFO: Feature shape: torch.Size([9984])
[2025-01-10 19:22:06,843] INFO: Processed Test5/City/Test05_City_D04.avi in 1.70 seconds

Processing Videos:  61%|██████    | 142/234 [06:47<04:17,  2.80s/it][2025-01-10 19:22:08,568] INFO: Feature shape: torch.Size([9984])
[2025-01-10 19:22:08,568] INFO: Processed Test5/City/Test05_City_D05.avi in 1.69 seconds

Processing Videos:  61%|██████    | 143/234 [06:49<03:45,  2.47s/it][2025-01-10 19:22:26,019] INFO: Feature shape: torch.Size([9984])
[2025-01-10 19:22:26,020] INFO: Processed Test5/City/Test05_City_D06.avi in 1.39 seconds

Processing Videos:  62%|██████▏   | 144/234 [07:06<10:27,  6.97s/it][2025-01-10 19:22:28,419] INFO: Feature shape: torch.Size([9984])
[2025-01-10 19:22:28,419] INFO: Processed Test5/City/Test05_City_D07.avi in 1.70 seconds

Processing Videos:  62%|██████▏   | 145/234 [07:09<08:18,  5.60s/it][2025-01-10 19:22:30,599] INFO: Feature shape: torch.Size([9984])
[2025-01-10 19:22:30,599] INFO: Processed Test5/City/Test05_City_D08.avi in 2.15 seconds

Processing Videos:  62%|██████▏   | 146/234 [07:11<06:42,  4.57s/it][2025-01-10 19:22:32,075] INFO: Feature shape: torch.Size([9984])
[2025-01-10 19:22:32,075] INFO: Processed Test5/City/Test05_City_D09.avi in 1.44 seconds

Processing Videos:  63%|██████▎   | 147/234 [07:12<05:16,  3.64s/it][2025-01-10 19:22:33,682] INFO: Feature shape: torch.Size([9984])
[2025-01-10 19:22:33,682] INFO: Processed Test5/City/Test05_City_D10.avi in 1.57 seconds

Processing Videos:  63%|██████▎   | 148/234 [07:14<04:20,  3.03s/it][2025-01-10 19:22:35,419] INFO: Feature shape: torch.Size([9984])
[2025-01-10 19:22:35,419] INFO: Processed Test5/City/Test05_City_D11.avi in 1.71 seconds

Processing Videos:  64%|██████▎   | 149/234 [07:16<03:44,  2.64s/it][2025-01-10 19:22:50,424] INFO: Feature shape: torch.Size([9984])
[2025-01-10 19:22:50,425] INFO: Processed Test5/City/Test05_City_D12.avi in 1.75 seconds

Processing Videos:  64%|██████▍   | 150/234 [07:31<08:53,  6.35s/it][2025-01-10 19:22:52,166] INFO: Feature shape: torch.Size([9984])
[2025-01-10 19:22:52,166] INFO: Processed Test5/City/Test05_City_D13.avi in 1.71 seconds

Processing Videos:  65%|██████▍   | 151/234 [07:32<06:52,  4.97s/it][2025-01-10 19:22:53,667] INFO: Feature shape: torch.Size([9984])
[2025-01-10 19:22:53,667] INFO: Processed Test5/City/Test05_City_D14.avi in 1.47 seconds

Processing Videos:  65%|██████▍   | 152/234 [07:34<05:22,  3.93s/it][2025-01-10 19:22:55,228] INFO: Feature shape: torch.Size([9984])
[2025-01-10 19:22:55,228] INFO: Processed Test5/City/Test05_City_D15.avi in 1.53 seconds

Processing Videos:  65%|██████▌   | 153/234 [07:35<04:20,  3.22s/it][2025-01-10 19:22:56,802] INFO: Feature shape: torch.Size([9984])
[2025-01-10 19:22:56,803] INFO: Processed Test5/City/Test05_City_D16.avi in 1.54 seconds

Processing Videos:  66%|██████▌   | 154/234 [07:37<03:38,  2.73s/it][2025-01-10 19:23:07,015] INFO: Feature shape: torch.Size([9984])
[2025-01-10 19:23:07,018] INFO: Processed Test5/Television/Test05_Television_D01.avi in 2.37 seconds

Processing Videos:  66%|██████▌   | 155/234 [07:47<06:32,  4.97s/it][2025-01-10 19:23:26,742] INFO: Feature shape: torch.Size([9984])
[2025-01-10 19:23:26,745] INFO: Processed Test5/Television/Test05_Television_D02.avi in 2.36 seconds

Processing Videos:  67%|██████▋   | 156/234 [08:07<12:12,  9.40s/it][2025-01-10 19:23:29,269] INFO: Feature shape: torch.Size([9984])
[2025-01-10 19:23:29,269] INFO: Processed Test5/Television/Test05_Television_D03.avi in 2.50 seconds

Processing Videos:  67%|██████▋   | 157/234 [08:10<09:24,  7.34s/it][2025-01-10 19:23:31,505] INFO: Feature shape: torch.Size([9984])
[2025-01-10 19:23:31,505] INFO: Processed Test5/Television/Test05_Television_D04.avi in 2.20 seconds

Processing Videos:  68%|██████▊   | 158/234 [08:12<07:21,  5.81s/it][2025-01-10 19:23:33,688] INFO: Feature shape: torch.Size([9984])
[2025-01-10 19:23:33,688] INFO: Processed Test5/Television/Test05_Television_D05.avi in 2.15 seconds

Processing Videos:  68%|██████▊   | 159/234 [08:14<05:53,  4.72s/it][2025-01-10 19:23:35,870] INFO: Feature shape: torch.Size([9984])
[2025-01-10 19:23:35,870] INFO: Processed Test5/Television/Test05_Television_D06.avi in 2.15 seconds

Processing Videos:  68%|██████▊   | 160/234 [08:16<04:52,  3.96s/it][2025-01-10 19:23:37,860] INFO: Feature shape: torch.Size([9984])
[2025-01-10 19:23:37,860] INFO: Processed Test5/Television/Test05_Television_D07.avi in 1.95 seconds

Processing Videos:  69%|██████▉   | 161/234 [08:18<04:05,  3.37s/it][2025-01-10 19:23:57,475] INFO: Feature shape: torch.Size([9984])
[2025-01-10 19:23:57,476] INFO: Processed Test5/Television/Test05_Television_D08.avi in 2.54 seconds

Processing Videos:  69%|██████▉   | 162/234 [08:38<09:53,  8.24s/it][2025-01-10 19:24:08,048] INFO: Feature shape: torch.Size([9984])
[2025-01-10 19:24:08,048] INFO: Processed Test5/Television/Test05_Television_D09.avi in 2.45 seconds

Processing Videos:  70%|██████▉   | 163/234 [08:48<10:34,  8.94s/it][2025-01-10 19:24:09,995] INFO: Feature shape: torch.Size([9984])
[2025-01-10 19:24:09,995] INFO: Processed Test5/Television/Test05_Television_D10.avi in 1.91 seconds

Processing Videos:  70%|███████   | 164/234 [08:50<07:59,  6.84s/it][2025-01-10 19:24:12,549] INFO: Feature shape: torch.Size([9984])
[2025-01-10 19:24:12,549] INFO: Processed Test5/Television/Test05_Television_D11.avi in 2.52 seconds

Processing Videos:  71%|███████   | 165/234 [08:53<06:23,  5.56s/it][2025-01-10 19:24:14,415] INFO: Feature shape: torch.Size([9984])
[2025-01-10 19:24:14,415] INFO: Processed Test5/Television/Test05_Television_D12.avi in 1.83 seconds

Processing Videos:  71%|███████   | 166/234 [08:55<05:02,  4.45s/it][2025-01-10 19:24:16,663] INFO: Feature shape: torch.Size([9984])
[2025-01-10 19:24:16,663] INFO: Processed Test5/Television/Test05_Television_D13.avi in 2.21 seconds

Processing Videos:  71%|███████▏  | 167/234 [08:57<04:13,  3.79s/it][2025-01-10 19:24:30,665] INFO: Feature shape: torch.Size([9984])
[2025-01-10 19:24:30,668] INFO: Processed Test5/Television/Test05_Television_D14.avi in 2.30 seconds

Processing Videos:  72%|███████▏  | 168/234 [09:11<07:32,  6.85s/it][2025-01-10 19:24:44,616] INFO: Feature shape: torch.Size([9984])
[2025-01-10 19:24:44,616] INFO: Processed Test5/Television/Test05_Television_D15.avi in 2.15 seconds

Processing Videos:  72%|███████▏  | 169/234 [09:25<09:43,  8.98s/it][2025-01-10 19:24:46,575] INFO: Feature shape: torch.Size([9984])
[2025-01-10 19:24:46,575] INFO: Processed Test5/Television/Test05_Television_D16.avi in 1.93 seconds

Processing Videos:  73%|███████▎  | 170/234 [09:27<07:20,  6.88s/it][2025-01-10 19:24:48,201] INFO: Feature shape: torch.Size([9984])
[2025-01-10 19:24:48,201] INFO: Processed Test5/Talking_head/Test05_Talking_Head_D01.avi in 1.59 seconds

Processing Videos:  73%|███████▎  | 171/234 [09:28<05:33,  5.30s/it][2025-01-10 19:24:49,757] INFO: Feature shape: torch.Size([9984])
[2025-01-10 19:24:49,757] INFO: Processed Test5/Talking_head/Test05_Talking_Head_D02.avi in 1.52 seconds

Processing Videos:  74%|███████▎  | 172/234 [09:30<04:18,  4.18s/it][2025-01-10 19:24:51,278] INFO: Feature shape: torch.Size([9984])
[2025-01-10 19:24:51,279] INFO: Processed Test5/Talking_head/Test05_Talking_Head_D03.avi in 1.49 seconds

Processing Videos:  74%|███████▍  | 173/234 [09:32<03:26,  3.38s/it][2025-01-10 19:24:52,894] INFO: Feature shape: torch.Size([9984])
[2025-01-10 19:24:52,894] INFO: Processed Test5/Talking_head/Test05_Talking_Head_D04.avi in 1.58 seconds

Processing Videos:  74%|███████▍  | 174/234 [09:33<02:51,  2.85s/it][2025-01-10 19:25:07,584] INFO: Feature shape: torch.Size([9984])
[2025-01-10 19:25:07,584] INFO: Processed Test5/Talking_head/Test05_Talking_Head_D05.avi in 1.68 seconds

Processing Videos:  75%|███████▍  | 175/234 [09:48<06:17,  6.40s/it][2025-01-10 19:25:09,154] INFO: Feature shape: torch.Size([9984])
[2025-01-10 19:25:09,154] INFO: Processed Test5/Talking_head/Test05_Talking_Head_D06.avi in 1.54 seconds

Processing Videos:  75%|███████▌  | 176/234 [09:49<04:47,  4.95s/it][2025-01-10 19:25:10,811] INFO: Feature shape: torch.Size([9984])
[2025-01-10 19:25:10,811] INFO: Processed Test5/Talking_head/Test05_Talking_Head_D07.avi in 1.62 seconds

Processing Videos:  76%|███████▌  | 177/234 [09:51<03:45,  3.96s/it][2025-01-10 19:25:12,121] INFO: Feature shape: torch.Size([9984])
[2025-01-10 19:25:12,121] INFO: Processed Test5/Talking_head/Test05_Talking_Head_D08.avi in 1.28 seconds

Processing Videos:  76%|███████▌  | 178/234 [09:52<02:57,  3.17s/it][2025-01-10 19:25:13,793] INFO: Feature shape: torch.Size([9984])
[2025-01-10 19:25:13,794] INFO: Processed Test5/Talking_head/Test05_Talking_Head_D09.avi in 1.64 seconds

Processing Videos:  76%|███████▋  | 179/234 [09:54<02:29,  2.72s/it][2025-01-10 19:25:15,832] INFO: Feature shape: torch.Size([9984])
[2025-01-10 19:25:15,832] INFO: Processed Test5/Talking_head/Test05_Talking_Head_D10.avi in 1.79 seconds

Processing Videos:  77%|███████▋  | 180/234 [09:56<02:15,  2.51s/it][2025-01-10 19:25:30,069] INFO: Feature shape: torch.Size([9984])
[2025-01-10 19:25:30,070] INFO: Processed Test5/Talking_head/Test05_Talking_Head_D11.avi in 1.58 seconds

Processing Videos:  77%|███████▋  | 181/234 [10:10<05:19,  6.03s/it][2025-01-10 19:25:34,298] INFO: Feature shape: torch.Size([9984])
[2025-01-10 19:25:34,298] INFO: Processed Test5/Talking_head/Test05_Talking_Head_D12.avi in 1.69 seconds

Processing Videos:  78%|███████▊  | 182/234 [10:15<04:45,  5.49s/it][2025-01-10 19:25:36,123] INFO: Feature shape: torch.Size([9984])
[2025-01-10 19:25:36,123] INFO: Processed Test5/Talking_head/Test05_Talking_Head_D13.avi in 1.79 seconds

Processing Videos:  78%|███████▊  | 183/234 [10:16<03:43,  4.39s/it][2025-01-10 19:25:37,635] INFO: Feature shape: torch.Size([9984])
[2025-01-10 19:25:37,635] INFO: Processed Test5/Talking_head/Test05_Talking_Head_D14.avi in 1.48 seconds

Processing Videos:  79%|███████▊  | 184/234 [10:18<02:56,  3.53s/it][2025-01-10 19:25:39,377] INFO: Feature shape: torch.Size([9984])
[2025-01-10 19:25:39,377] INFO: Processed Test5/Talking_head/Test05_Talking_Head_D15.avi in 1.71 seconds

Processing Videos:  79%|███████▉  | 185/234 [10:20<02:26,  2.99s/it][2025-01-10 19:25:42,577] INFO: Feature shape: torch.Size([9984])
[2025-01-10 19:25:42,577] INFO: Processed Test5/Talking_head/Test05_Talking_Head_D16.avi in 1.31 seconds

Processing Videos:  79%|███████▉  | 186/234 [10:23<02:26,  3.05s/it][2025-01-10 19:25:54,850] INFO: Feature shape: torch.Size([9984])
[2025-01-10 19:25:54,851] INFO: Processed Test6/City/Test06_City_D01.avi in 1.65 seconds

Processing Videos:  80%|███████▉  | 187/234 [10:35<04:33,  5.82s/it][2025-01-10 19:25:56,518] INFO: Feature shape: torch.Size([9984])
[2025-01-10 19:25:56,518] INFO: Processed Test6/City/Test06_City_D02.avi in 1.64 seconds

Processing Videos:  80%|████████  | 188/234 [10:37<03:30,  4.57s/it][2025-01-10 19:25:58,334] INFO: Feature shape: torch.Size([9984])
[2025-01-10 19:25:58,334] INFO: Processed Test6/City/Test06_City_D03.avi in 1.78 seconds

Processing Videos:  81%|████████  | 189/234 [10:39<02:48,  3.75s/it][2025-01-10 19:26:00,048] INFO: Feature shape: torch.Size([9984])
[2025-01-10 19:26:00,048] INFO: Processed Test6/City/Test06_City_D04.avi in 1.68 seconds

Processing Videos:  81%|████████  | 190/234 [10:40<02:18,  3.14s/it][2025-01-10 19:26:01,874] INFO: Feature shape: torch.Size([9984])
[2025-01-10 19:26:01,877] INFO: Processed Test6/City/Test06_City_D05.avi in 1.79 seconds

Processing Videos:  82%|████████▏ | 191/234 [10:42<01:58,  2.74s/it][2025-01-10 19:26:03,499] INFO: Feature shape: torch.Size([9984])
[2025-01-10 19:26:03,499] INFO: Processed Test6/City/Test06_City_D06.avi in 1.59 seconds

Processing Videos:  82%|████████▏ | 192/234 [10:44<01:41,  2.41s/it][2025-01-10 19:26:13,458] INFO: Feature shape: torch.Size([9984])
[2025-01-10 19:26:13,458] INFO: Processed Test6/City/Test06_City_D07.avi in 1.26 seconds

Processing Videos:  82%|████████▏ | 193/234 [10:54<03:11,  4.67s/it][2025-01-10 19:26:15,657] INFO: Feature shape: torch.Size([9984])
[2025-01-10 19:26:15,657] INFO: Processed Test6/City/Test06_City_D08.avi in 1.81 seconds

Processing Videos:  83%|████████▎ | 194/234 [10:56<02:37,  3.93s/it][2025-01-10 19:26:17,356] INFO: Feature shape: torch.Size([9984])
[2025-01-10 19:26:17,356] INFO: Processed Test6/City/Test06_City_D09.avi in 1.66 seconds

Processing Videos:  83%|████████▎ | 195/234 [10:58<02:07,  3.26s/it][2025-01-10 19:26:18,984] INFO: Feature shape: torch.Size([9984])
[2025-01-10 19:26:18,984] INFO: Processed Test6/City/Test06_City_D10.avi in 1.60 seconds

Processing Videos:  84%|████████▍ | 196/234 [10:59<01:45,  2.77s/it][2025-01-10 19:26:20,667] INFO: Feature shape: torch.Size([9984])
[2025-01-10 19:26:20,667] INFO: Processed Test6/City/Test06_City_D11.avi in 1.65 seconds

Processing Videos:  84%|████████▍ | 197/234 [11:01<01:30,  2.44s/it][2025-01-10 19:26:22,544] INFO: Feature shape: torch.Size([9984])
[2025-01-10 19:26:22,544] INFO: Processed Test6/City/Test06_City_D12.avi in 1.85 seconds

Processing Videos:  85%|████████▍ | 198/234 [11:03<01:21,  2.27s/it][2025-01-10 19:26:40,378] INFO: Feature shape: torch.Size([9984])
[2025-01-10 19:26:40,380] INFO: Processed Test6/City/Test06_City_D13.avi in 1.46 seconds

Processing Videos:  85%|████████▌ | 199/234 [11:21<04:03,  6.94s/it][2025-01-10 19:26:42,087] INFO: Feature shape: torch.Size([9984])
[2025-01-10 19:26:42,087] INFO: Processed Test6/City/Test06_City_D14.avi in 1.58 seconds

Processing Videos:  85%|████████▌ | 200/234 [11:22<03:02,  5.37s/it][2025-01-10 19:26:43,526] INFO: Feature shape: torch.Size([9984])
[2025-01-10 19:26:43,526] INFO: Processed Test6/City/Test06_City_D15.avi in 1.40 seconds

Processing Videos:  86%|████████▌ | 201/234 [11:24<02:18,  4.19s/it][2025-01-10 19:26:45,232] INFO: Feature shape: torch.Size([9984])
[2025-01-10 19:26:45,232] INFO: Processed Test6/City/Test06_City_D16.avi in 1.68 seconds

Processing Videos:  86%|████████▋ | 202/234 [11:25<01:50,  3.45s/it][2025-01-10 19:26:47,824] INFO: Feature shape: torch.Size([9984])
[2025-01-10 19:26:47,824] INFO: Processed Test6/Television/Test06_Television_D01.avi in 2.56 seconds

Processing Videos:  87%|████████▋ | 203/234 [11:28<01:38,  3.19s/it][2025-01-10 19:26:50,086] INFO: Feature shape: torch.Size([9984])
[2025-01-10 19:26:50,086] INFO: Processed Test6/Television/Test06_Television_D02.avi in 2.23 seconds

Processing Videos:  87%|████████▋ | 204/234 [11:30<01:27,  2.91s/it][2025-01-10 19:27:19,038] INFO: Feature shape: torch.Size([9984])
[2025-01-10 19:27:19,039] INFO: Processed Test6/Television/Test06_Television_D03.avi in 2.61 seconds

Processing Videos:  88%|████████▊ | 205/234 [11:59<05:11, 10.72s/it][2025-01-10 19:27:21,846] INFO: Feature shape: torch.Size([9984])
[2025-01-10 19:27:21,846] INFO: Processed Test6/Television/Test06_Television_D04.avi in 2.46 seconds

Processing Videos:  88%|████████▊ | 206/234 [12:02<03:53,  8.35s/it][2025-01-10 19:27:24,080] INFO: Feature shape: torch.Size([9984])
[2025-01-10 19:27:24,080] INFO: Processed Test6/Television/Test06_Television_D05.avi in 2.20 seconds

Processing Videos:  88%|████████▊ | 207/234 [12:04<02:55,  6.52s/it][2025-01-10 19:27:26,131] INFO: Feature shape: torch.Size([9984])
[2025-01-10 19:27:26,131] INFO: Processed Test6/Television/Test06_Television_D06.avi in 2.02 seconds

Processing Videos:  89%|████████▉ | 208/234 [12:06<02:14,  5.18s/it][2025-01-10 19:27:28,522] INFO: Feature shape: torch.Size([9984])
[2025-01-10 19:27:28,523] INFO: Processed Test6/Television/Test06_Television_D07.avi in 2.36 seconds

Processing Videos:  89%|████████▉ | 209/234 [12:09<01:48,  4.34s/it][2025-01-10 19:27:31,851] INFO: Feature shape: torch.Size([9984])
[2025-01-10 19:27:31,852] INFO: Processed Test6/Television/Test06_Television_D08.avi in 2.08 seconds

Processing Videos:  90%|████████▉ | 210/234 [12:12<01:36,  4.04s/it][2025-01-10 19:27:34,485] INFO: Feature shape: torch.Size([9984])
[2025-01-10 19:27:34,485] INFO: Processed Test6/Television/Test06_Television_D09.avi in 2.16 seconds

Processing Videos:  90%|█████████ | 211/234 [12:15<01:23,  3.62s/it][2025-01-10 19:28:01,185] INFO: Feature shape: torch.Size([9984])
[2025-01-10 19:28:01,186] INFO: Processed Test6/Television/Test06_Television_D10.avi in 2.44 seconds

Processing Videos:  91%|█████████ | 212/234 [12:41<03:51, 10.54s/it][2025-01-10 19:28:03,406] INFO: Feature shape: torch.Size([9984])
[2025-01-10 19:28:03,406] INFO: Processed Test6/Television/Test06_Television_D11.avi in 2.18 seconds

Processing Videos:  91%|█████████ | 213/234 [12:44<02:48,  8.04s/it][2025-01-10 19:28:05,941] INFO: Feature shape: torch.Size([9984])
[2025-01-10 19:28:05,941] INFO: Processed Test6/Television/Test06_Television_D12.avi in 2.50 seconds

Processing Videos:  91%|█████████▏| 214/234 [12:46<02:07,  6.39s/it][2025-01-10 19:28:08,199] INFO: Feature shape: torch.Size([9984])
[2025-01-10 19:28:08,199] INFO: Processed Test6/Television/Test06_Television_D13.avi in 2.23 seconds

Processing Videos:  92%|█████████▏| 215/234 [12:48<01:37,  5.15s/it][2025-01-10 19:28:20,837] INFO: Feature shape: torch.Size([9984])
[2025-01-10 19:28:20,838] INFO: Processed Test6/Television/Test06_Television_D14.avi in 2.37 seconds

Processing Videos:  92%|█████████▏| 216/234 [13:01<02:13,  7.40s/it][2025-01-10 19:28:23,348] INFO: Feature shape: torch.Size([9984])
[2025-01-10 19:28:23,348] INFO: Processed Test6/Television/Test06_Television_D15.avi in 2.48 seconds

Processing Videos:  93%|█████████▎| 217/234 [13:04<01:40,  5.93s/it][2025-01-10 19:28:37,880] INFO: Feature shape: torch.Size([9984])
[2025-01-10 19:28:37,880] INFO: Processed Test6/Television/Test06_Television_D16.avi in 2.05 seconds

Processing Videos:  93%|█████████▎| 218/234 [13:18<02:16,  8.51s/it][2025-01-10 19:28:39,312] INFO: Feature shape: torch.Size([9984])
[2025-01-10 19:28:39,312] INFO: Processed Test6/Talking_head/Test06_Talking_head_D01.avi in 1.40 seconds

Processing Videos:  94%|█████████▎| 219/234 [13:20<01:35,  6.39s/it][2025-01-10 19:28:41,005] INFO: Feature shape: torch.Size([9984])
[2025-01-10 19:28:41,006] INFO: Processed Test6/Talking_head/Test06_Talking_head_D02.avi in 1.66 seconds

Processing Videos:  94%|█████████▍| 220/234 [13:21<01:09,  4.98s/it][2025-01-10 19:28:42,702] INFO: Feature shape: torch.Size([9984])
[2025-01-10 19:28:42,702] INFO: Processed Test6/Talking_head/Test06_Talking_head_D03.avi in 1.66 seconds

Processing Videos:  94%|█████████▍| 221/234 [13:23<00:51,  4.00s/it][2025-01-10 19:28:44,099] INFO: Feature shape: torch.Size([9984])
[2025-01-10 19:28:44,099] INFO: Processed Test6/Talking_head/Test06_Talking_head_D04.avi in 1.36 seconds

Processing Videos:  95%|█████████▍| 222/234 [13:24<00:38,  3.22s/it][2025-01-10 19:28:45,661] INFO: Feature shape: torch.Size([9984])
[2025-01-10 19:28:45,661] INFO: Processed Test6/Talking_head/Test06_Talking_head_D05.avi in 1.53 seconds

Processing Videos:  95%|█████████▌| 223/234 [13:26<00:29,  2.72s/it][2025-01-10 19:29:03,872] INFO: Feature shape: torch.Size([9984])
[2025-01-10 19:29:03,875] INFO: Processed Test6/Talking_head/Test06_Talking_head_D06.avi in 1.64 seconds

Processing Videos:  96%|█████████▌| 224/234 [13:44<01:13,  7.36s/it][2025-01-10 19:29:05,529] INFO: Feature shape: torch.Size([9984])
[2025-01-10 19:29:05,529] INFO: Processed Test6/Talking_head/Test06_Talking_head_D07.avi in 1.63 seconds

Processing Videos:  96%|█████████▌| 225/234 [13:46<00:50,  5.65s/it][2025-01-10 19:29:07,082] INFO: Feature shape: torch.Size([9984])
[2025-01-10 19:29:07,082] INFO: Processed Test6/Talking_head/Test06_Talking_head_D08.avi in 1.52 seconds

Processing Videos:  97%|█████████▋| 226/234 [13:47<00:35,  4.42s/it][2025-01-10 19:29:08,749] INFO: Feature shape: torch.Size([9984])
[2025-01-10 19:29:08,749] INFO: Processed Test6/Talking_head/Test06_Talking_head_D09.avi in 1.63 seconds

Processing Videos:  97%|█████████▋| 227/234 [13:49<00:25,  3.60s/it][2025-01-10 19:29:10,110] INFO: Feature shape: torch.Size([9984])
[2025-01-10 19:29:10,111] INFO: Processed Test6/Talking_head/Test06_Talking_head_D10.avi in 1.33 seconds

Processing Videos:  97%|█████████▋| 228/234 [13:50<00:17,  2.93s/it][2025-01-10 19:29:11,591] INFO: Feature shape: torch.Size([9984])
[2025-01-10 19:29:11,591] INFO: Processed Test6/Talking_head/Test06_Talking_head_D11.avi in 1.45 seconds

Processing Videos:  98%|█████████▊| 229/234 [13:52<00:12,  2.49s/it][2025-01-10 19:29:20,075] INFO: Feature shape: torch.Size([9984])
[2025-01-10 19:29:20,076] INFO: Processed Test6/Talking_head/Test06_Talking_head_D12.avi in 1.67 seconds

Processing Videos:  98%|█████████▊| 230/234 [14:00<00:17,  4.29s/it][2025-01-10 19:29:21,370] INFO: Feature shape: torch.Size([9984])
[2025-01-10 19:29:21,370] INFO: Processed Test6/Talking_head/Test06_Talking_head_D13.avi in 1.26 seconds

Processing Videos:  99%|█████████▊| 231/234 [14:02<00:10,  3.39s/it][2025-01-10 19:29:22,672] INFO: Feature shape: torch.Size([9984])
[2025-01-10 19:29:22,672] INFO: Processed Test6/Talking_head/Test06_Talking_head_D14.avi in 1.27 seconds

Processing Videos:  99%|█████████▉| 232/234 [14:03<00:05,  2.76s/it][2025-01-10 19:29:24,154] INFO: Feature shape: torch.Size([9984])
[2025-01-10 19:29:24,155] INFO: Processed Test6/Talking_head/Test06_Talking_head_D15.avi in 1.45 seconds

Processing Videos: 100%|█████████▉| 233/234 [14:04<00:02,  2.38s/it][2025-01-10 19:29:25,462] INFO: Feature shape: torch.Size([9984])
[2025-01-10 19:29:25,462] INFO: Processed Test6/Talking_head/Test06_Talking_head_D16.avi in 1.28 seconds

Processing Videos: 100%|██████████| 234/234 [14:06<00:00,  2.06s/it]
Processing Videos: 100%|██████████| 234/234 [14:06<00:00,  3.62s/it]
[2025-01-10 19:29:25,557] INFO: Features saved to ../features/diva-vqa/: torch.Size([234, 9984])

